       Fresh unicode-ident v1.0.18
       Fresh cfg-if v1.0.1
       Fresh version_check v0.9.5
       Fresh autocfg v1.5.0
       Fresh stable_deref_trait v1.2.0
       Fresh smallvec v1.15.1
       Fresh shlex v1.3.0
       Fresh pin-project-lite v0.2.16
       Fresh proc-macro2 v1.0.95
       Fresh getrandom v0.2.16
       Fresh cc v1.2.30
       Fresh scopeguard v1.2.0
       Fresh itoa v1.0.15
       Fresh bytes v1.10.1
       Fresh quote v1.0.40
       Fresh windows_x86_64_msvc v0.52.6
       Fresh typenum v1.18.0
       Fresh rand_core v0.6.4
       Fresh writeable v0.6.1
       Fresh litemap v0.8.0
       Fresh syn v2.0.104
       Fresh windows-targets v0.52.6
       Fresh generic-array v0.14.7
       Fresh lock_api v0.4.13
       Fresh untrusted v0.9.0
       Fresh futures-core v0.3.31
       Fresh fnv v1.0.7
       Fresh once_cell v1.21.3
       Fresh synstructure v0.13.2
       Fresh windows-sys v0.59.0
       Fresh zerovec-derive v0.11.1
       Fresh displaydoc v0.2.5
       Fresh crypto-common v0.1.6
       Fresh parking_lot_core v0.9.11
       Fresh serde_derive v1.0.219
       Fresh tokio-macros v2.5.0
       Fresh ring v0.17.14
       Fresh memchr v2.7.5
       Fresh windows_x86_64_msvc v0.48.5
       Fresh zerofrom-derive v0.1.6
       Fresh yoke-derive v0.8.0
       Fresh socket2 v0.6.0
       Fresh serde v1.0.219
       Fresh parking_lot v0.12.4
       Fresh mio v1.0.4
       Fresh icu_normalizer_data v2.0.0
       Fresh windows-sys v0.52.0
       Fresh http v0.2.12
       Fresh icu_properties_data v2.0.1
       Fresh tracing-core v0.1.34
       Fresh zerofrom v0.1.6
       Fresh tokio v1.47.0
       Fresh futures-task v0.3.31
       Fresh hashbrown v0.15.4
       Fresh cpufeatures v0.2.17
       Fresh equivalent v1.0.2
       Fresh futures-sink v0.3.31
       Fresh log v0.4.27
       Fresh pin-utils v0.1.0
       Fresh futures-io v0.3.31
       Fresh yoke v0.8.0
       Fresh slab v0.4.10
       Fresh indexmap v2.10.0
       Fresh tokio-util v0.7.15
       Fresh tracing v0.1.41
       Fresh rustls-webpki v0.101.7
       Fresh sct v0.7.1
       Fresh windows-targets v0.48.5
       Fresh percent-encoding v2.3.1
       Fresh zerovec v0.11.2
       Fresh zerotrie v0.2.2
       Fresh futures-util v0.3.31
       Fresh try-lock v0.2.5
       Fresh form_urlencoded v1.2.1
       Fresh httparse v1.10.1
       Fresh rustls v0.21.12
       Fresh windows-sys v0.48.0
       Fresh zerocopy v0.8.26
       Fresh http-body v0.4.6
       Fresh socket2 v0.5.10
       Fresh inout v0.1.4
       Fresh tinystr v0.8.1
       Fresh potential_utf v0.1.2
       Fresh want v0.3.1
       Fresh h2 v0.3.27
       Fresh futures-channel v0.3.31
       Fresh subtle v2.6.1
       Fresh httpdate v1.0.3
       Fresh utf8_iter v1.0.4
       Fresh ryu v1.0.20
       Fresh tower-service v0.3.3
       Fresh icu_locale_core v2.0.0
       Fresh icu_collections v2.0.0
       Fresh universal-hash v0.5.1
       Fresh hyper v0.14.32
       Fresh ppv-lite86 v0.2.21
       Fresh tokio-rustls v0.24.1
       Fresh cipher v0.4.4
       Fresh winapi-util v0.1.9
       Fresh block-buffer v0.10.4
       Fresh icu_provider v2.0.0
       Fresh opaque-debug v0.3.1
       Fresh base64 v0.21.7
       Fresh num-traits v0.2.19
       Fresh digest v0.10.7
       Fresh rand_chacha v0.3.1
       Fresh hyper-rustls v0.24.2
       Fresh same-file v1.0.6
       Fresh icu_properties v2.0.1
       Fresh icu_normalizer v2.0.0
       Fresh polyval v0.6.2
       Fresh rustls-pemfile v1.0.4
       Fresh crossbeam-utils v0.8.21
       Fresh serde_urlencoded v0.7.1
       Fresh winreg v0.50.0
       Fresh thiserror-impl v1.0.69
       Fresh encoding_rs v0.8.35
       Fresh idna_adapter v1.2.1
       Fresh webpki-roots v0.25.4
       Fresh windows-link v0.1.3
       Fresh sync_wrapper v0.1.2
       Fresh mime v0.3.17
       Fresh ipnet v2.11.0
       Fresh serde_json v1.0.141
       Fresh crossbeam-channel v0.5.15
       Fresh libc v0.2.174
       Fresh thiserror v1.0.69
       Fresh getrandom v0.3.3
       Fresh ghash v0.5.1
       Fresh idna v1.0.3
       Fresh chrono v0.4.41
       Fresh rand v0.8.5
       Fresh sha2 v0.10.9
       Fresh walkdir v2.5.0
       Fresh aes v0.8.4
       Fresh ctr v0.9.2
       Fresh serde_path_to_error v0.1.17
       Fresh aead v0.5.2
       Fresh filetime v0.2.25
       Fresh base64 v0.13.1
       Fresh lazy_static v1.5.0
       Fresh url v2.5.4
       Fresh byteorder v1.5.0
       Fresh notify v6.1.1
       Fresh aes-gcm v0.10.3
       Fresh uuid v1.17.0
       Fresh reqwest v0.11.27
       Fresh keyring v2.3.3
       Fresh oauth2 v4.4.2
   Compiling oxide-core v0.1.0 (C:\Users\belal\Documents\oxide-pilot\oxide-core)
     Running `C:\Users\belal\.rustup\toolchains\stable-x86_64-pc-windows-msvc\bin\rustc.exe --crate-name oxide_core --edition=2021 oxide-core\src\lib.rs --error-format=json --json=diagnostic-rendered-ansi,artifacts,future-incompat --crate-type lib --emit=dep-info,metadata,link -C embed-bitcode=no -C debuginfo=2 --check-cfg cfg(docsrs,test) --check-cfg "cfg(feature, values())" -C metadata=c3807757e6713fea -C extra-filename=-b0152ee96e7c7fd3 --out-dir C:\Users\belal\Documents\oxide-pilot\target\debug\deps -L dependency=C:\Users\belal\Documents\oxide-pilot\target\debug\deps --extern aes_gcm=C:\Users\belal\Documents\oxide-pilot\target\debug\deps\libaes_gcm-99c876fdf3e7e5a3.rmeta --extern chrono=C:\Users\belal\Documents\oxide-pilot\target\debug\deps\libchrono-d9f8c68fa06e2b2c.rmeta --extern http=C:\Users\belal\Documents\oxide-pilot\target\debug\deps\libhttp-c15838baf07fc2bf.rmeta --extern hyper=C:\Users\belal\Documents\oxide-pilot\target\debug\deps\libhyper-e274fc1df9b31696.rmeta --extern keyring=C:\Users\belal\Documents\oxide-pilot\target\debug\deps\libkeyring-7c1b806c7c21246a.rmeta --extern notify=C:\Users\belal\Documents\oxide-pilot\target\debug\deps\libnotify-1498fddbe8dd8891.rmeta --extern oauth2=C:\Users\belal\Documents\oxide-pilot\target\debug\deps\liboauth2-1ebc6cf8dafe5f4b.rmeta --extern rand=C:\Users\belal\Documents\oxide-pilot\target\debug\deps\librand-38e3d84a4e8d1679.rmeta --extern serde=C:\Users\belal\Documents\oxide-pilot\target\debug\deps\libserde-dbb6d39a2909c537.rmeta --extern serde_json=C:\Users\belal\Documents\oxide-pilot\target\debug\deps\libserde_json-16b217ed36f8c700.rmeta --extern thiserror=C:\Users\belal\Documents\oxide-pilot\target\debug\deps\libthiserror-3fdb38e2b02e79a2.rmeta --extern tokio=C:\Users\belal\Documents\oxide-pilot\target\debug\deps\libtokio-ac1179c86d286d28.rmeta --extern url=C:\Users\belal\Documents\oxide-pilot\target\debug\deps\liburl-9f35ca883fdbeda0.rmeta --extern uuid=C:\Users\belal\Documents\oxide-pilot\target\debug\deps\libuuid-b04a706c749092a6.rmeta -C instrument-coverage -L native=C:\Users\belal\Documents\oxide-pilot\target\debug\build\ring-94c4c5995527df0c\out -L native=C:\Users\belal\.cargo\registry\src\index.crates.io-1949cf8c6b5b557f\windows_x86_64_msvc-0.52.6\lib -L native=C:\Users\belal\.cargo\registry\src\index.crates.io-1949cf8c6b5b557f\windows_x86_64_msvc-0.48.5\lib`
     Running `C:\Users\belal\.rustup\toolchains\stable-x86_64-pc-windows-msvc\bin\rustc.exe --crate-name oxide_core --edition=2021 oxide-core\src\lib.rs --error-format=json --json=diagnostic-rendered-ansi,artifacts,future-incompat --emit=dep-info,link -C embed-bitcode=no -C debuginfo=2 --test --check-cfg cfg(docsrs,test) --check-cfg "cfg(feature, values())" -C metadata=f42ce2f884f66f50 -C extra-filename=-2d88e5bfe9eae325 --out-dir C:\Users\belal\Documents\oxide-pilot\target\debug\deps -L dependency=C:\Users\belal\Documents\oxide-pilot\target\debug\deps --extern aes_gcm=C:\Users\belal\Documents\oxide-pilot\target\debug\deps\libaes_gcm-99c876fdf3e7e5a3.rlib --extern chrono=C:\Users\belal\Documents\oxide-pilot\target\debug\deps\libchrono-d9f8c68fa06e2b2c.rlib --extern http=C:\Users\belal\Documents\oxide-pilot\target\debug\deps\libhttp-c15838baf07fc2bf.rlib --extern hyper=C:\Users\belal\Documents\oxide-pilot\target\debug\deps\libhyper-e274fc1df9b31696.rlib --extern keyring=C:\Users\belal\Documents\oxide-pilot\target\debug\deps\libkeyring-7c1b806c7c21246a.rlib --extern notify=C:\Users\belal\Documents\oxide-pilot\target\debug\deps\libnotify-1498fddbe8dd8891.rlib --extern oauth2=C:\Users\belal\Documents\oxide-pilot\target\debug\deps\liboauth2-1ebc6cf8dafe5f4b.rlib --extern rand=C:\Users\belal\Documents\oxide-pilot\target\debug\deps\librand-38e3d84a4e8d1679.rlib --extern serde=C:\Users\belal\Documents\oxide-pilot\target\debug\deps\libserde-dbb6d39a2909c537.rlib --extern serde_json=C:\Users\belal\Documents\oxide-pilot\target\debug\deps\libserde_json-16b217ed36f8c700.rlib --extern thiserror=C:\Users\belal\Documents\oxide-pilot\target\debug\deps\libthiserror-3fdb38e2b02e79a2.rlib --extern tokio=C:\Users\belal\Documents\oxide-pilot\target\debug\deps\libtokio-ac1179c86d286d28.rlib --extern url=C:\Users\belal\Documents\oxide-pilot\target\debug\deps\liburl-9f35ca883fdbeda0.rlib --extern uuid=C:\Users\belal\Documents\oxide-pilot\target\debug\deps\libuuid-b04a706c749092a6.rlib -C instrument-coverage -L native=C:\Users\belal\Documents\oxide-pilot\target\debug\build\ring-94c4c5995527df0c\out -L native=C:\Users\belal\.cargo\registry\src\index.crates.io-1949cf8c6b5b557f\windows_x86_64_msvc-0.52.6\lib -L native=C:\Users\belal\.cargo\registry\src\index.crates.io-1949cf8c6b5b557f\windows_x86_64_msvc-0.48.5\lib`
error: mismatched closing delimiter: `}`
   --> oxide-core\src\google_auth.rs:238:18
    |
238 |         .find_map(|(key, value)| if key == "state" { Some(value) } else { None } })
    |                  ^ unclosed delimiter                                            ^ mismatched closing delimiter

error: unexpected closing delimiter: `)`
   --> oxide-core\src\google_auth.rs:238:83
    |
221 | ) -> Result<String, AuthError> {
    |                                - this delimiter might not be properly closed...
...
238 |         .find_map(|(key, value)| if key == "state" { Some(value) } else { None } })
    |                                                                                  -^ unexpected closing delimiter
    |                                                                                  |
    |                                                                                  ...as it matches this but it has different indentation

error: could not compile `oxide-core` (lib test) due to 2 previous errors

Caused by:
  process didn't exit successfully: `C:\Users\belal\.rustup\toolchains\stable-x86_64-pc-windows-msvc\bin\rustc.exe --crate-name oxide_core --edition=2021 oxide-core\src\lib.rs --error-format=json --json=diagnostic-rendered-ansi,artifacts,future-incompat --emit=dep-info,link -C embed-bitcode=no -C debuginfo=2 --test --check-cfg cfg(docsrs,test) --check-cfg "cfg(feature, values())" -C metadata=f42ce2f884f66f50 -C extra-filename=-2d88e5bfe9eae325 --out-dir C:\Users\belal\Documents\oxide-pilot\target\debug\deps -L dependency=C:\Users\belal\Documents\oxide-pilot\target\debug\deps --extern aes_gcm=C:\Users\belal\Documents\oxide-pilot\target\debug\deps\libaes_gcm-99c876fdf3e7e5a3.rlib --extern chrono=C:\Users\belal\Documents\oxide-pilot\target\debug\deps\libchrono-d9f8c68fa06e2b2c.rlib --extern http=C:\Users\belal\Documents\oxide-pilot\target\debug\deps\libhttp-c15838baf07fc2bf.rlib --extern hyper=C:\Users\belal\Documents\oxide-pilot\target\debug\deps\libhyper-e274fc1df9b31696.rlib --extern keyring=C:\Users\belal\Documents\oxide-pilot\target\debug\deps\libkeyring-7c1b806c7c21246a.rlib --extern notify=C:\Users\belal\Documents\oxide-pilot\target\debug\deps\libnotify-1498fddbe8dd8891.rlib --extern oauth2=C:\Users\belal\Documents\oxide-pilot\target\debug\deps\liboauth2-1ebc6cf8dafe5f4b.rlib --extern rand=C:\Users\belal\Documents\oxide-pilot\target\debug\deps\librand-38e3d84a4e8d1679.rlib --extern serde=C:\Users\belal\Documents\oxide-pilot\target\debug\deps\libserde-dbb6d39a2909c537.rlib --extern serde_json=C:\Users\belal\Documents\oxide-pilot\target\debug\deps\libserde_json-16b217ed36f8c700.rlib --extern thiserror=C:\Users\belal\Documents\oxide-pilot\target\debug\deps\libthiserror-3fdb38e2b02e79a2.rlib --extern tokio=C:\Users\belal\Documents\oxide-pilot\target\debug\deps\libtokio-ac1179c86d286d28.rlib --extern url=C:\Users\belal\Documents\oxide-pilot\target\debug\deps\liburl-9f35ca883fdbeda0.rlib --extern uuid=C:\Users\belal\Documents\oxide-pilot\target\debug\deps\libuuid-b04a706c749092a6.rlib -C instrument-coverage -L native=C:\Users\belal\Documents\oxide-pilot\target\debug\build\ring-94c4c5995527df0c\out -L native=C:\Users\belal\.cargo\registry\src\index.crates.io-1949cf8c6b5b557f\windows_x86_64_msvc-0.52.6\lib -L native=C:\Users\belal\.cargo\registry\src\index.crates.io-1949cf8c6b5b557f\windows_x86_64_msvc-0.48.5\lib` (exit code: 1)
warning: build failed, waiting for other jobs to finish...
error: could not compile `oxide-core` (lib) due to 2 previous errors

Caused by:
  process didn't exit successfully: `C:\Users\belal\.rustup\toolchains\stable-x86_64-pc-windows-msvc\bin\rustc.exe --crate-name oxide_core --edition=2021 oxide-core\src\lib.rs --error-format=json --json=diagnostic-rendered-ansi,artifacts,future-incompat --crate-type lib --emit=dep-info,metadata,link -C embed-bitcode=no -C debuginfo=2 --check-cfg cfg(docsrs,test) --check-cfg "cfg(feature, values())" -C metadata=c3807757e6713fea -C extra-filename=-b0152ee96e7c7fd3 --out-dir C:\Users\belal\Documents\oxide-pilot\target\debug\deps -L dependency=C:\Users\belal\Documents\oxide-pilot\target\debug\deps --extern aes_gcm=C:\Users\belal\Documents\oxide-pilot\target\debug\deps\libaes_gcm-99c876fdf3e7e5a3.rmeta --extern chrono=C:\Users\belal\Documents\oxide-pilot\target\debug\deps\libchrono-d9f8c68fa06e2b2c.rmeta --extern http=C:\Users\belal\Documents\oxide-pilot\target\debug\deps\libhttp-c15838baf07fc2bf.rmeta --extern hyper=C:\Users\belal\Documents\oxide-pilot\target\debug\deps\libhyper-e274fc1df9b31696.rmeta --extern keyring=C:\Users\belal\Documents\oxide-pilot\target\debug\deps\libkeyring-7c1b806c7c21246a.rmeta --extern notify=C:\Users\belal\Documents\oxide-pilot\target\debug\deps\libnotify-1498fddbe8dd8891.rmeta --extern oauth2=C:\Users\belal\Documents\oxide-pilot\target\debug\deps\liboauth2-1ebc6cf8dafe5f4b.rmeta --extern rand=C:\Users\belal\Documents\oxide-pilot\target\debug\deps\librand-38e3d84a4e8d1679.rmeta --extern serde=C:\Users\belal\Documents\oxide-pilot\target\debug\deps\libserde-dbb6d39a2909c537.rmeta --extern serde_json=C:\Users\belal\Documents\oxide-pilot\target\debug\deps\libserde_json-16b217ed36f8c700.rmeta --extern thiserror=C:\Users\belal\Documents\oxide-pilot\target\debug\deps\libthiserror-3fdb38e2b02e79a2.rmeta --extern tokio=C:\Users\belal\Documents\oxide-pilot\target\debug\deps\libtokio-ac1179c86d286d28.rmeta --extern url=C:\Users\belal\Documents\oxide-pilot\target\debug\deps\liburl-9f35ca883fdbeda0.rmeta --extern uuid=C:\Users\belal\Documents\oxide-pilot\target\debug\deps\libuuid-b04a706c749092a6.rmeta -C instrument-coverage -L native=C:\Users\belal\Documents\oxide-pilot\target\debug\build\ring-94c4c5995527df0c\out -L native=C:\Users\belal\.cargo\registry\src\index.crates.io-1949cf8c6b5b557f\windows_x86_64_msvc-0.52.6\lib -L native=C:\Users\belal\.cargo\registry\src\index.crates.io-1949cf8c6b5b557f\windows_x86_64_msvc-0.48.5\lib` (exit code: 1)
